				;
				;	Disassembled by:
				;		DASMx object code disassembler
				;		(c) Copyright 1996-1999   Conquest Consultants
				;		Version 1.30 (Oct  6 1999)
				;
				;	File:		sys6tst.716
				;
				;	Size:		2048 bytes
				;	Checksum:	26A3
				;	CRC-32:		C8EE75A7
				;
				;	Date:		Fri Sep 23 20:46:48 2016
				;
				;	CPU:		Motorola 6800 (6800/6802/6808 family)
				;
				;
				;
					org	$0000
				;
0000 : 86 00 		"  "		ldaa	#$00
0002 : B7 28 01 	" ( "		staa	X2801
0005 : B7 28 03 	" ( "		staa	X2803
0008 : B7 30 01 	" 0 "		staa	X3001
000B : B7 30 03 	" 0 "		staa	X3003
000E : B7 24 01 	" $ "		staa	X2401
0011 : B7 24 03 	" $ "		staa	X2403
0014 : B7 22 01 	" " "		staa	X2201
0017 : B7 22 03 	" " "		staa	X2203
001A : B7 21 01 	" ! "		staa	X2101
001D : B7 21 03 	" ! "		staa	X2103
0020 : 86 FF 		"  "		ldaa	#$FF
0022 : B7 28 00 	" ( "		staa	X2800
0025 : B7 28 02 	" ( "		staa	X2802
0028 : B7 30 00 	" 0 "		staa	X3000
002B : B7 30 02 	" 0 "		staa	X3002
002E : B7 24 00 	" $ "		staa	X2400
0031 : B7 24 02 	" $ "		staa	X2402
0034 : B7 22 00 	" " "		staa	X2200
0037 : B7 22 02 	" " "		staa	X2202
003A : B7 21 00 	" ! "		staa	X2100
003D : B7 21 02 	" ! "		staa	X2102
0040 : C6 FF 		"  "		ldab	#$FF
0042				L0042:
0042 : 86 FF 		"  "		ldaa	#$FF
0044				L0044:
0044 : 80 01 		"  "		suba	#$01
0046 : 81 00 		"  "		cmpa	#$00
0048 : 2C 02 		", "		bge	L004C
004A : 20 F8 		"  "		bra	L0044
				;
004C				L004C:
004C : C0 01 		"  "		subb	#$01
004E : C1 00 		"  "		cmpb	#$00
0050 : 2C 02 		", "		bge	L0054
0052 : 20 EE 		"  "		bra	L0042
				;
0054				L0054:
0054 : 86 04 		"  "		ldaa	#$04
0056 : B7 28 01 	" ( "		staa	X2801
0059 : B7 28 03 	" ( "		staa	X2803
005C : B7 30 01 	" 0 "		staa	X3001
005F : B7 30 03 	" 0 "		staa	X3003
0062 : B7 24 01 	" $ "		staa	X2401
0065 : B7 24 03 	" $ "		staa	X2403
0068 : B7 22 01 	" " "		staa	X2201
006B : B7 22 03 	" " "		staa	X2203
006E : B7 21 01 	" ! "		staa	X2101
0071 : B7 21 03 	" ! "		staa	X2103
0074 : 86 00 		"  "		ldaa	#$00
0076 : B7 28 00 	" ( "		staa	X2800
0079 : B7 28 02 	" ( "		staa	X2802
007C : B7 30 00 	" 0 "		staa	X3000
007F : B7 30 02 	" 0 "		staa	X3002
0082 : B7 24 00 	" $ "		staa	X2400
0085 : B7 24 02 	" $ "		staa	X2402
0088 : B7 22 00 	" " "		staa	X2200
008B : B7 22 02 	" " "		staa	X2202
008E : B7 21 00 	" ! "		staa	X2100
0091 : B7 21 02 	" ! "		staa	X2102
0094 : C6 FF 		"  "		ldab	#$FF
0096				L0096:
0096 : 86 FF 		"  "		ldaa	#$FF
0098				L0098:
0098 : 80 01 		"  "		suba	#$01
009A : 81 00 		"  "		cmpa	#$00
009C : 2C 02 		", "		bge	L00A0
009E : 20 F8 		"  "		bra	L0098
				;
00A0				L00A0:
00A0 : C0 01 		"  "		subb	#$01
00A2 : C1 00 		"  "		cmpb	#$00
00A4 : 2C 02 		", "		bge	L00A8
00A6 : 20 EE 		"  "		bra	L0096
				;
00A8				L00A8:
00A8 : 86 FF 		"  "		ldaa	#$FF
00AA : B7 28 00 	" ( "		staa	X2800
00AD : B7 28 02 	" ( "		staa	X2802
00B0 : B7 30 00 	" 0 "		staa	X3000
00B3 : B7 30 02 	" 0 "		staa	X3002
00B6 : B7 24 00 	" $ "		staa	X2400
00B9 : B7 24 02 	" $ "		staa	X2402
00BC : B7 22 00 	" " "		staa	X2200
00BF : B7 22 02 	" " "		staa	X2202
00C2 : B7 21 00 	" ! "		staa	X2100
00C5 : B7 21 02 	" ! "		staa	X2102
00C8 : 86 30 		" 0"		ldaa	#$30
00CA : B7 28 01 	" ( "		staa	X2801
00CD : B7 28 03 	" ( "		staa	X2803
00D0 : B7 30 01 	" 0 "		staa	X3001
00D3 : B7 30 03 	" 0 "		staa	X3003
00D6 : B7 24 01 	" $ "		staa	X2401
00D9 : B7 24 03 	" $ "		staa	X2403
00DC : B7 22 01 	" " "		staa	X2201
00DF : B7 22 03 	" " "		staa	X2203
00E2 : B7 21 01 	" ! "		staa	X2101
00E5 : B7 21 03 	" ! "		staa	X2103
00E8 : C6 FF 		"  "		ldab	#$FF
00EA				L00EA:
00EA : 86 FF 		"  "		ldaa	#$FF
00EC				L00EC:
00EC : 80 01 		"  "		suba	#$01
00EE : 81 00 		"  "		cmpa	#$00
00F0 : 2C 02 		", "		bge	L00F4
00F2 : 20 F8 		"  "		bra	L00EC
				;
00F4				L00F4:
00F4 : C0 01 		"  "		subb	#$01
00F6 : C1 00 		"  "		cmpb	#$00
00F8 : 2C 02 		", "		bge	L00FC
00FA : 20 EE 		"  "		bra	L00EA
				;
00FC				L00FC:
00FC : 86 38 		" 8"		ldaa	#$38
00FE : B7 28 01 	" ( "		staa	X2801
0101 : B7 28 03 	" ( "		staa	X2803
0104 : B7 30 01 	" 0 "		staa	X3001
0107 : B7 30 03 	" 0 "		staa	X3003
010A : B7 24 01 	" $ "		staa	X2401
010D : B7 24 03 	" $ "		staa	X2403
0110 : B7 22 01 	" " "		staa	X2201
0113 : B7 22 03 	" " "		staa	X2203
0116 : B7 21 01 	" ! "		staa	X2101
0119 : B7 21 03 	" ! "		staa	X2103
011C : 7E 78 00 	"~x "		jmp	L7800
				;
011F : FF FF FF FF 	"    "		db	$FF, $FF, $FF, $FF
0123 : FF FF FF FF 	"    "		db	$FF, $FF, $FF, $FF
0127 : FF FF FF FF 	"    "		db	$FF, $FF, $FF, $FF
012B : FF FF FF FF 	"    "		db	$FF, $FF, $FF, $FF
012F : FF FF FF FF 	"    "		db	$FF, $FF, $FF, $FF
0133 : FF FF FF FF 	"    "		db	$FF, $FF, $FF, $FF
0137 : FF FF FF 00 	"    "		db	$FF, $FF, $FF, $00
013B : 00 00 00 00 	"    "		db	$00, $00, $00, $00
013F : 00 C6 FF 86 	"    "		db	$00, $C6, $FF, $86
0143 : FF 80 01 81 	"    "		db	$FF, $80, $01, $81
0147 : 00 2C 02 20 	" ,  "		db	$00, $2C, $02, $20
014B : F8 C0 01 C1 	"    "		db	$F8, $C0, $01, $C1
014F : 00 2C 02 20 	" ,  "		db	$00, $2C, $02, $20
0153 : EE C6 FF 86 	"    "		db	$EE, $C6, $FF, $86
0157 : FF 80 01 81 	"    "		db	$FF, $80, $01, $81
015B : 00 2C 02 20 	" ,  "		db	$00, $2C, $02, $20
015F : F8 C0 01 C1 	"    "		db	$F8, $C0, $01, $C1
0163 : 00 2C 02 20 	" ,  "		db	$00, $2C, $02, $20
0167 : EE 86 55 97 	"  U "		db	$EE, $86, $55, $97
016B : 7F 86 FF 97 	"    "		db	$7F, $86, $FF, $97
016F : 7E 97 7D 97 	"~ } "		db	$7E, $97, $7D, $97
0173 : 7B 97 77 97 	"{ w "		db	$7B, $97, $77, $97
0177 : 6F 97 5F 97 	"o _ "		db	$6F, $97, $5F, $97
017B : 3F 96 7F 80 	"?   "		db	$3F, $96, $7F, $80
017F : 55 27 0E C1 	"U'  "		db	$55, $27, $0E, $C1
0183 : 11 27 03 7E 	" ' ~"		db	$11, $27, $03, $7E
0187 : 7F C0 86 30 	"   0"		db	$7F, $C0, $86, $30
018B : B7 28 00 20 	" (  "		db	$B7, $28, $00, $20
018F : D8 7E 7A 00 	" ~z "		db	$D8, $7E, $7A, $00
0193 : 00 00 00 00 	"    "		db	$00, $00, $00, $00
0197 : 00 00 00 00 	"    "		db	$00, $00, $00, $00
019B : 00 00 00 00 	"    "		db	$00, $00, $00, $00
019F : 00 00 00 00 	"    "		db	$00, $00, $00, $00
01A3 : 00 00 00 00 	"    "		db	$00, $00, $00, $00
01A7 : 00 00 00 00 	"    "		db	$00, $00, $00, $00
01AB : 00 00 00 00 	"    "		db	$00, $00, $00, $00
01AF : 00 00 00 00 	"    "		db	$00, $00, $00, $00
01B3 : 00 00 00 00 	"    "		db	$00, $00, $00, $00
01B7 : 00 00 00 00 	"    "		db	$00, $00, $00, $00
01BB : 00 00 00 00 	"    "		db	$00, $00, $00, $00
01BF : 00 86 38 B7 	"  8 "		db	$00, $86, $38, $B7
01C3 : 28 01 C6 FF 	"(   "		db	$28, $01, $C6, $FF
01C7 : F7 28 00 8A 	" (  "		db	$F7, $28, $00, $8A
01CB : 04 B7 28 01 	"  ( "		db	$04, $B7, $28, $01
01CF : 86 30 B7 28 	" 0 ("		db	$86, $30, $B7, $28
01D3 : 00 CE 00 00 	"    "		db	$00, $CE, $00, $00
01D7 : 09 26 FD 86 	" &  "		db	$09, $26, $FD, $86
01DB : 00 B7 28 00 	"  ( "		db	$00, $B7, $28, $00
01DF : 09 26 FD 86 	" &  "		db	$09, $26, $FD, $86
01E3 : 30 B7 28 00 	"0 ( "		db	$30, $B7, $28, $00
01E7 : 09 26 FD 86 	" &  "		db	$09, $26, $FD, $86
01EB : 00 B7 28 00 	"  ( "		db	$00, $B7, $28, $00
01EF : 09 26 FD C6 	" &  "		db	$09, $26, $FD, $C6
01F3 : 11 7E 7D E1 	" ~} "		db	$11, $7E, $7D, $E1
01F7 : 00 00 00 00 	"    "		db	$00, $00, $00, $00
01FB : 00 00 00 00 	"    "		db	$00, $00, $00, $00
01FF : 00 86 AA 97 	"    "		db	$00, $86, $AA, $97
0203 : 7F 86 FF 97 	"    "		db	$7F, $86, $FF, $97
0207 : 7E 97 7D 97 	"~ } "		db	$7E, $97, $7D, $97
020B : 7B 97 77 97 	"{ w "		db	$7B, $97, $77, $97
020F : 6F 97 5F 97 	"o _ "		db	$6F, $97, $5F, $97
0213 : 3F 96 7F 80 	"?   "		db	$3F, $96, $7F, $80
0217 : AA 27 03 7E 	" ' ~"		db	$AA, $27, $03, $7E
021B : 79 82 7E 7A 	"y ~z"		db	$79, $82, $7E, $7A
021F : 80 00 00 00 	"    "		db	$80, $00, $00, $00
0223 : 00 00 00 00 	"    "		db	$00, $00, $00, $00
0227 : 00 00 00 00 	"    "		db	$00, $00, $00, $00
022B : 00 00 00 00 	"    "		db	$00, $00, $00, $00
022F : 00 00 00 00 	"    "		db	$00, $00, $00, $00
0233 : 00 00 00 00 	"    "		db	$00, $00, $00, $00
0237 : 00 00 00 00 	"    "		db	$00, $00, $00, $00
023B : 00 00 00 00 	"    "		db	$00, $00, $00, $00
023F : 00 00 00 00 	"    "		db	$00, $00, $00, $00
0243 : 00 00 00 00 	"    "		db	$00, $00, $00, $00
0247 : 00 00 00 00 	"    "		db	$00, $00, $00, $00
024B : 00 00 00 00 	"    "		db	$00, $00, $00, $00
024F : 00 00 00 00 	"    "		db	$00, $00, $00, $00
0253 : 00 00 00 00 	"    "		db	$00, $00, $00, $00
0257 : 00 00 00 00 	"    "		db	$00, $00, $00, $00
025B : 00 00 00 00 	"    "		db	$00, $00, $00, $00
025F : 00 00 00 00 	"    "		db	$00, $00, $00, $00
0263 : 00 00 00 00 	"    "		db	$00, $00, $00, $00
0267 : 00 00 00 00 	"    "		db	$00, $00, $00, $00
026B : 00 00 00 00 	"    "		db	$00, $00, $00, $00
026F : 00 00 00 00 	"    "		db	$00, $00, $00, $00
0273 : 00 00 00 00 	"    "		db	$00, $00, $00, $00
0277 : 00 00 00 00 	"    "		db	$00, $00, $00, $00
027B : 00 00 00 00 	"    "		db	$00, $00, $00, $00
027F : 00 C6 FF 86 	"    "		db	$00, $C6, $FF, $86
0283 : FF 80 01 81 	"    "		db	$FF, $80, $01, $81
0287 : 00 2C 02 20 	" ,  "		db	$00, $2C, $02, $20
028B : F8 C0 01 C1 	"    "		db	$F8, $C0, $01, $C1
028F : 00 2C 02 20 	" ,  "		db	$00, $2C, $02, $20
0293 : EE C6 FF 86 	"    "		db	$EE, $C6, $FF, $86
0297 : FF 80 01 81 	"    "		db	$FF, $80, $01, $81
029B : 00 2C 02 20 	" ,  "		db	$00, $2C, $02, $20
029F : F8 C0 01 C1 	"    "		db	$F8, $C0, $01, $C1
02A3 : 00 2C 06 20 	" ,  "		db	$00, $2C, $06, $20
02A7 : EE 00 00 00 	"    "		db	$EE, $00, $00, $00
02AB : 00 C6 FF 86 	"    "		db	$00, $C6, $FF, $86
02AF : FF 80 01 81 	"    "		db	$FF, $80, $01, $81
02B3 : 00 2C 02 20 	" ,  "		db	$00, $2C, $02, $20
02B7 : F8 C0 01 C1 	"    "		db	$F8, $C0, $01, $C1
02BB : 00 2C 02 20 	" ,  "		db	$00, $2C, $02, $20
02BF : EE 7E 7B 40 	" ~{@"		db	$EE, $7E, $7B, $40
02C3 : 54 65 73 74 	"Test"		db	$54, $65, $73, $74
02C7 : 20 77 69 6C 	" wil"		db	$20, $77, $69, $6C
02CB : 6C 69 61 6D 	"liam"		db	$6C, $69, $61, $6D
02CF : 73 FF FF FF 	"s   "		db	$73, $FF, $FF, $FF
02D3 : 74 79 70 65 	"type"		db	$74, $79, $70, $65
02D7 : 20 33 2F 36 	" 3/6"		db	$20, $33, $2F, $36
02DB : 20 2B 20 37 	" + 7"		db	$20, $2B, $20, $37
02DF : 20 00 00 00 	"    "		db	$20, $00, $00, $00
02E3 : 00 00 00 00 	"    "		db	$00, $00, $00, $00
02E7 : 00 00 00 00 	"    "		db	$00, $00, $00, $00
02EB : 00 00 00 00 	"    "		db	$00, $00, $00, $00
02EF : 00 00 00 00 	"    "		db	$00, $00, $00, $00
02F3 : 00 00 00 00 	"    "		db	$00, $00, $00, $00
02F7 : 00 00 00 00 	"    "		db	$00, $00, $00, $00
02FB : 00 00 00 00 	"    "		db	$00, $00, $00, $00
02FF : 00 00 00 00 	"    "		db	$00, $00, $00, $00
0303 : 00 00 00 00 	"    "		db	$00, $00, $00, $00
0307 : 00 00 00 00 	"    "		db	$00, $00, $00, $00
030B : 00 00 00 00 	"    "		db	$00, $00, $00, $00
030F : 00 00 00 00 	"    "		db	$00, $00, $00, $00
0313 : 00 00 00 00 	"    "		db	$00, $00, $00, $00
0317 : 00 00 00 00 	"    "		db	$00, $00, $00, $00
031B : 00 00 00 00 	"    "		db	$00, $00, $00, $00
031F : 00 00 00 00 	"    "		db	$00, $00, $00, $00
0323 : 00 00 00 00 	"    "		db	$00, $00, $00, $00
0327 : 00 00 00 00 	"    "		db	$00, $00, $00, $00
032B : 00 00 00 00 	"    "		db	$00, $00, $00, $00
032F : 00 00 00 00 	"    "		db	$00, $00, $00, $00
0333 : 00 00 00 00 	"    "		db	$00, $00, $00, $00
0337 : 00 00 00 00 	"    "		db	$00, $00, $00, $00
033B : 00 00 00 00 	"    "		db	$00, $00, $00, $00
033F : 00 C6 FF 86 	"    "		db	$00, $C6, $FF, $86
0343 : FF 80 01 81 	"    "		db	$FF, $80, $01, $81
0347 : 00 2C 02 20 	" ,  "		db	$00, $2C, $02, $20
034B : F8 C0 01 C1 	"    "		db	$F8, $C0, $01, $C1
034F : 00 2C 02 20 	" ,  "		db	$00, $2C, $02, $20
0353 : EE C6 FF 86 	"    "		db	$EE, $C6, $FF, $86
0357 : FF 80 01 81 	"    "		db	$FF, $80, $01, $81
035B : 00 2C 02 20 	" ,  "		db	$00, $2C, $02, $20
035F : F8 C0 01 C1 	"    "		db	$F8, $C0, $01, $C1
0363 : 00 2C 02 20 	" ,  "		db	$00, $2C, $02, $20
0367 : EE C6 FF 86 	"    "		db	$EE, $C6, $FF, $86
036B : FF 80 01 81 	"    "		db	$FF, $80, $01, $81
036F : 00 2C 02 20 	" ,  "		db	$00, $2C, $02, $20
0373 : F8 C0 01 C1 	"    "		db	$F8, $C0, $01, $C1
0377 : 00 2C 02 20 	" ,  "		db	$00, $2C, $02, $20
037B : EE 7E 7C C0 	" ~| "		db	$EE, $7E, $7C, $C0
037F : 00 00 00 00 	"    "		db	$00, $00, $00, $00
0383 : 00 00 00 00 	"    "		db	$00, $00, $00, $00
0387 : 00 00 00 00 	"    "		db	$00, $00, $00, $00
038B : 00 00 00 00 	"    "		db	$00, $00, $00, $00
038F : 00 00 00 00 	"    "		db	$00, $00, $00, $00
0393 : 00 00 00 00 	"    "		db	$00, $00, $00, $00
0397 : 00 00 00 00 	"    "		db	$00, $00, $00, $00
039B : 00 00 00 00 	"    "		db	$00, $00, $00, $00
039F : 00 00 00 00 	"    "		db	$00, $00, $00, $00
03A3 : 00 00 00 00 	"    "		db	$00, $00, $00, $00
03A7 : 00 00 00 00 	"    "		db	$00, $00, $00, $00
03AB : 00 00 00 00 	"    "		db	$00, $00, $00, $00
03AF : 00 00 00 00 	"    "		db	$00, $00, $00, $00
03B3 : 00 00 00 00 	"    "		db	$00, $00, $00, $00
03B7 : 00 00 00 00 	"    "		db	$00, $00, $00, $00
03BB : 00 00 00 00 	"    "		db	$00, $00, $00, $00
03BF : 00 00 00 00 	"    "		db	$00, $00, $00, $00
03C3 : 00 00 00 00 	"    "		db	$00, $00, $00, $00
03C7 : 00 00 00 00 	"    "		db	$00, $00, $00, $00
03CB : 00 00 00 00 	"    "		db	$00, $00, $00, $00
03CF : 00 00 00 00 	"    "		db	$00, $00, $00, $00
03D3 : 00 00 00 00 	"    "		db	$00, $00, $00, $00
03D7 : 00 00 00 00 	"    "		db	$00, $00, $00, $00
03DB : 00 00 00 00 	"    "		db	$00, $00, $00, $00
03DF : 00 00 00 00 	"    "		db	$00, $00, $00, $00
03E3 : 00 00 00 00 	"    "		db	$00, $00, $00, $00
03E7 : 00 00 00 00 	"    "		db	$00, $00, $00, $00
03EB : 00 00 00 00 	"    "		db	$00, $00, $00, $00
03EF : 00 00 00 00 	"    "		db	$00, $00, $00, $00
03F3 : 00 00 00 00 	"    "		db	$00, $00, $00, $00
03F7 : 00 00 00 00 	"    "		db	$00, $00, $00, $00
03FB : 00 00 00 00 	"    "		db	$00, $00, $00, $00
03FF : 00 00 00 00 	"    "		db	$00, $00, $00, $00
0403 : 00 00 00 00 	"    "		db	$00, $00, $00, $00
0407 : 00 00 00 00 	"    "		db	$00, $00, $00, $00
040B : 00 00 00 00 	"    "		db	$00, $00, $00, $00
040F : 00 00 00 00 	"    "		db	$00, $00, $00, $00
0413 : 00 00 00 00 	"    "		db	$00, $00, $00, $00
0417 : 00 00 00 00 	"    "		db	$00, $00, $00, $00
041B : 00 00 00 00 	"    "		db	$00, $00, $00, $00
041F : 00 00 00 00 	"    "		db	$00, $00, $00, $00
0423 : 00 00 00 00 	"    "		db	$00, $00, $00, $00
0427 : 00 00 00 00 	"    "		db	$00, $00, $00, $00
042B : 00 00 00 00 	"    "		db	$00, $00, $00, $00
042F : 00 00 00 00 	"    "		db	$00, $00, $00, $00
0433 : 00 00 00 00 	"    "		db	$00, $00, $00, $00
0437 : 00 00 00 00 	"    "		db	$00, $00, $00, $00
043B : 00 00 00 00 	"    "		db	$00, $00, $00, $00
043F : 00 C6 FF 86 	"    "		db	$00, $C6, $FF, $86
0443 : FF 80 01 81 	"    "		db	$FF, $80, $01, $81
0447 : 00 2C 02 20 	" ,  "		db	$00, $2C, $02, $20
044B : F8 C0 01 C1 	"    "		db	$F8, $C0, $01, $C1
044F : 00 2C 02 20 	" ,  "		db	$00, $2C, $02, $20
0453 : EE C6 FF 86 	"    "		db	$EE, $C6, $FF, $86
0457 : FF 80 01 81 	"    "		db	$FF, $80, $01, $81
045B : 00 2C 02 20 	" ,  "		db	$00, $2C, $02, $20
045F : F8 C0 01 C1 	"    "		db	$F8, $C0, $01, $C1
0463 : 00 2C 02 20 	" ,  "		db	$00, $2C, $02, $20
0467 : EE 7E 79 40 	" ~y@"		db	$EE, $7E, $79, $40
046B : 00 00 00 00 	"    "		db	$00, $00, $00, $00
046F : 00 00 00 00 	"    "		db	$00, $00, $00, $00
0473 : 00 00 00 00 	"    "		db	$00, $00, $00, $00
0477 : 00 00 00 00 	"    "		db	$00, $00, $00, $00
047B : 00 00 00 00 	"    "		db	$00, $00, $00, $00
047F : 00 C6 FF 86 	"    "		db	$00, $C6, $FF, $86
0483 : FF 80 01 81 	"    "		db	$FF, $80, $01, $81
0487 : 00 2C 02 20 	" ,  "		db	$00, $2C, $02, $20
048B : F8 C0 01 C1 	"    "		db	$F8, $C0, $01, $C1
048F : 00 2C 02 20 	" ,  "		db	$00, $2C, $02, $20
0493 : EE 7E 7D 45 	" ~}E"		db	$EE, $7E, $7D, $45
0497 : 00 00 00 00 	"    "		db	$00, $00, $00, $00
049B : 00 00 00 00 	"    "		db	$00, $00, $00, $00
049F : 00 00 00 00 	"    "		db	$00, $00, $00, $00
04A3 : 00 00 00 00 	"    "		db	$00, $00, $00, $00
04A7 : 00 00 00 00 	"    "		db	$00, $00, $00, $00
04AB : 00 00 00 00 	"    "		db	$00, $00, $00, $00
04AF : 00 00 00 00 	"    "		db	$00, $00, $00, $00
04B3 : 00 00 00 00 	"    "		db	$00, $00, $00, $00
04B7 : 00 00 00 00 	"    "		db	$00, $00, $00, $00
04BB : 00 00 7E 7F 	"  ~ "		db	$00, $00, $7E, $7F
04BF : 40 86 55 B7 	"@ U "		db	$40, $86, $55, $B7
04C3 : 01 FF 86 FF 	"    "		db	$01, $FF, $86, $FF
04C7 : B7 01 FE B7 	"    "		db	$B7, $01, $FE, $B7
04CB : 01 FD B7 01 	"    "		db	$01, $FD, $B7, $01
04CF : FB B7 01 F7 	"    "		db	$FB, $B7, $01, $F7
04D3 : B7 01 EF B7 	"    "		db	$B7, $01, $EF, $B7
04D7 : 01 DF B7 01 	"    "		db	$01, $DF, $B7, $01
04DB : BF B7 01 7F 	"    "		db	$BF, $B7, $01, $7F
04DF : B6 01 FF 48 	"   H"		db	$B6, $01, $FF, $48
04E3 : 48 48 48 80 	"HHH "		db	$48, $48, $48, $80
04E7 : 50 27 0B C1 	"P'  "		db	$50, $27, $0B, $C1
04EB : 11 26 CF 86 	" &  "		db	$11, $26, $CF, $86
04EF : 30 B7 28 00 	"0 ( "		db	$30, $B7, $28, $00
04F3 : 20 CB 86 AA 	"    "		db	$20, $CB, $86, $AA
04F7 : B7 01 FF 86 	"    "		db	$B7, $01, $FF, $86
04FB : FF B7 01 FE 	"    "		db	$FF, $B7, $01, $FE
04FF : B7 01 FD B7 	"    "		db	$B7, $01, $FD, $B7
0503 : 01 FB B7 01 	"    "		db	$01, $FB, $B7, $01
0507 : F7 B7 01 EF 	"    "		db	$F7, $B7, $01, $EF
050B : B7 01 BF B7 	"    "		db	$B7, $01, $BF, $B7
050F : 01 7F B6 01 	"    "		db	$01, $7F, $B6, $01
0513 : FF 48 48 48 	" HHH"		db	$FF, $48, $48, $48
0517 : 48 80 A0 27 	"H  '"		db	$48, $80, $A0, $27
051B : 02 20 CC C6 	"    "		db	$02, $20, $CC, $C6
051F : FF 86 FF 4A 	"   J"		db	$FF, $86, $FF, $4A
0523 : 81 00 2C 02 	"  , "		db	$81, $00, $2C, $02
0527 : 20 F9 5A C1 	"  Z "		db	$20, $F9, $5A, $C1
052B : 00 2C 02 20 	" ,  "		db	$00, $2C, $02, $20
052F : F0 C6 FF 86 	"    "		db	$F0, $C6, $FF, $86
0533 : FF 4A 81 00 	" J  "		db	$FF, $4A, $81, $00
0537 : 2C 02 20 F9 	",   "		db	$2C, $02, $20, $F9
053B : 5A C1 00 2C 	"Z  ,"		db	$5A, $C1, $00, $2C
053F : 02 20 F0 7E 	"   ~"		db	$02, $20, $F0, $7E
0543 : 7C 80 C6 FF 	"|   "		db	$7C, $80, $C6, $FF
0547 : 86 FF 80 01 	"    "		db	$86, $FF, $80, $01
054B : 81 00 2C 02 	"  , "		db	$81, $00, $2C, $02
054F : 20 F8 C0 01 	"    "		db	$20, $F8, $C0, $01
0553 : C1 00 2C 02 	"  , "		db	$C1, $00, $2C, $02
0557 : 20 EE C6 FF 	"    "		db	$20, $EE, $C6, $FF
055B : 86 FF 80 01 	"    "		db	$86, $FF, $80, $01
055F : 81 00 2C 02 	"  , "		db	$81, $00, $2C, $02
0563 : 20 F8 C0 01 	"    "		db	$20, $F8, $C0, $01
0567 : C1 00 2C 02 	"  , "		db	$C1, $00, $2C, $02
056B : 20 EE C6 FF 	"    "		db	$20, $EE, $C6, $FF
056F : 86 FF 80 01 	"    "		db	$86, $FF, $80, $01
0573 : 81 00 2C 02 	"  , "		db	$81, $00, $2C, $02
0577 : 20 F8 C0 01 	"    "		db	$20, $F8, $C0, $01
057B : C1 00 2C 02 	"  , "		db	$C1, $00, $2C, $02
057F : 20 EE 7E 7D 	"  ~}"		db	$20, $EE, $7E, $7D
0583 : C0 00 00 00 	"    "		db	$C0, $00, $00, $00
0587 : 00 00 00 00 	"    "		db	$00, $00, $00, $00
058B : 00 00 00 00 	"    "		db	$00, $00, $00, $00
058F : 00 00 00 00 	"    "		db	$00, $00, $00, $00
0593 : 00 00 00 00 	"    "		db	$00, $00, $00, $00
0597 : 00 00 00 00 	"    "		db	$00, $00, $00, $00
059B : 00 00 00 00 	"    "		db	$00, $00, $00, $00
059F : 00 00 00 00 	"    "		db	$00, $00, $00, $00
05A3 : 00 00 00 00 	"    "		db	$00, $00, $00, $00
05A7 : 00 00 00 00 	"    "		db	$00, $00, $00, $00
05AB : 00 00 00 00 	"    "		db	$00, $00, $00, $00
05AF : 00 00 00 00 	"    "		db	$00, $00, $00, $00
05B3 : 00 00 00 00 	"    "		db	$00, $00, $00, $00
05B7 : 00 00 00 00 	"    "		db	$00, $00, $00, $00
05BB : 00 00 00 00 	"    "		db	$00, $00, $00, $00
05BF : 00 86 55 97 	"  U "		db	$00, $86, $55, $97
05C3 : FF 86 FF 97 	"    "		db	$FF, $86, $FF, $97
05C7 : EF 97 DF 97 	"    "		db	$EF, $97, $DF, $97
05CB : BF 97 FE 97 	"    "		db	$BF, $97, $FE, $97
05CF : FD 97 FB 97 	"    "		db	$FD, $97, $FB, $97
05D3 : F7 96 FF 80 	"    "		db	$F7, $96, $FF, $80
05D7 : 55 27 0E C1 	"U'  "		db	$55, $27, $0E, $C1
05DB : 11 27 03 7E 	" ' ~"		db	$11, $27, $03, $7E
05DF : 79 C0 86 30 	"y  0"		db	$79, $C0, $86, $30
05E3 : B7 28 00 20 	" (  "		db	$B7, $28, $00, $20
05E7 : D8 86 AA 97 	"    "		db	$D8, $86, $AA, $97
05EB : FF 86 FF 97 	"    "		db	$FF, $86, $FF, $97
05EF : EF 97 DF 97 	"    "		db	$EF, $97, $DF, $97
05F3 : BF 97 FE 97 	"    "		db	$BF, $97, $FE, $97
05F7 : FD 97 FB 97 	"    "		db	$FD, $97, $FB, $97
05FB : F7 96 FF 80 	"    "		db	$F7, $96, $FF, $80
05FF : AA 27 02 20 	" '  "		db	$AA, $27, $02, $20
0603 : D6 86 38 B7 	"  8 "		db	$D6, $86, $38, $B7
0607 : 28 01 C6 FF 	"(   "		db	$28, $01, $C6, $FF
060B : F7 28 00 8A 	" (  "		db	$F7, $28, $00, $8A
060F : 04 B7 28 01 	"  ( "		db	$04, $B7, $28, $01
0613 : 86 20 B7 28 	"   ("		db	$86, $20, $B7, $28
0617 : 00 CE 00 00 	"    "		db	$00, $CE, $00, $00
061B : 09 26 FD 86 	" &  "		db	$09, $26, $FD, $86
061F : 00 B7 28 00 	"  ( "		db	$00, $B7, $28, $00
0623 : 09 26 FD 86 	" &  "		db	$09, $26, $FD, $86
0627 : 10 B7 28 00 	"  ( "		db	$10, $B7, $28, $00
062B : 09 26 FD 86 	" &  "		db	$09, $26, $FD, $86
062F : 00 B7 28 00 	"  ( "		db	$00, $B7, $28, $00
0633 : 09 26 FD 7E 	" & ~"		db	$09, $26, $FD, $7E
0637 : 78 00 43 72 	"x Cr"		db	$78, $00, $43, $72
063B : 65 61 74 65 	"eate"		db	$65, $61, $74, $65
063F : 64 20 62 79 	"d by"		db	$64, $20, $62, $79
0643 : 20 4C 65 6F 	" Leo"		db	$20, $4C, $65, $6F
0647 : 6E 20 42 6F 	"n Bo"		db	$6E, $20, $42, $6F
064B : 72 72 E9 2E 	"rr ."		db	$72, $72, $E9, $2E
064F : 2E 32 30 30 	".200"		db	$2E, $32, $30, $30
0653 : 32 2E 2E 2E 	"2..."		db	$32, $2E, $2E, $2E
0657 : 2E 2E 4C 65 	"..Le"		db	$2E, $2E, $4C, $65
065B : 6F 6E 62 31 	"onb1"		db	$6F, $6E, $62, $31
065F : 40 70 6C 61 	"@pla"		db	$40, $70, $6C, $61
0663 : 6E 65 74 69 	"neti"		db	$6E, $65, $74, $69
0667 : 6E 74 65 72 	"nter"		db	$6E, $74, $65, $72
066B : 6E 65 74 2E 	"net."		db	$6E, $65, $74, $2E
066F : 62 65 46 72 	"beFr"		db	$62, $65, $46, $72
0673 : 65 65 20 75 	"ee u"		db	$65, $65, $20, $75
0677 : 73 65 2C 20 	"se, "		db	$73, $65, $2C, $20
067B : 69 66 20 75 	"if u"		db	$69, $66, $20, $75
067F : 73 65 64 20 	"sed "		db	$73, $65, $64, $20
0683 : 69 6E 20 70 	"in p"		db	$69, $6E, $20, $70
0687 : 75 62 6C 69 	"ubli"		db	$75, $62, $6C, $69
068B : 63 61 74 69 	"cati"		db	$63, $61, $74, $69
068F : 6F 6E 20 6F 	"on o"		db	$6F, $6E, $20, $6F
0693 : 72 20 6F 6E 	"r on"		db	$72, $20, $6F, $6E
0697 : 20 77 65 62 	" web"		db	$20, $77, $65, $62
069B : 73 69 74 65 	"site"		db	$73, $69, $74, $65
069F : 20 2C 70 6C 	" ,pl"		db	$20, $2C, $70, $6C
06A3 : 65 61 73 65 	"ease"		db	$65, $61, $73, $65
06A7 : 20 6D 65 6E 	" men"		db	$20, $6D, $65, $6E
06AB : 74 69 6F 6E 	"tion"		db	$74, $69, $6F, $6E
06AF : 20 6D 79 20 	" my "		db	$20, $6D, $79, $20
06B3 : 6E 61 6D 65 	"name"		db	$6E, $61, $6D, $65
06B7 : 20 6F 72 20 	" or "		db	$20, $6F, $72, $20
06BB : 6D 79 20 77 	"my w"		db	$6D, $79, $20, $77
06BF : 65 62 73 69 	"ebsi"		db	$65, $62, $73, $69
06C3 : 74 65 20 68 	"te h"		db	$74, $65, $20, $68
06C7 : 74 74 70 3A 	"ttp:"		db	$74, $74, $70, $3A
06CB : 2F 2F 77 77 	"//ww"		db	$2F, $2F, $77, $77
06CF : 77 2E 66 6C 	"w.fl"		db	$77, $2E, $66, $6C
06D3 : 69 70 70 65 	"ippe"		db	$69, $70, $70, $65
06D7 : 72 2D 70 69 	"r-pi"		db	$72, $2D, $70, $69
06DB : 6E 62 61 6C 	"nbal"		db	$6E, $62, $61, $6C
06DF : 6C 2D 66 61 	"l-fa"		db	$6C, $2D, $66, $61
06E3 : 6E 2E 62 65 	"n.be"		db	$6E, $2E, $62, $65
06E7 : 45 6E 6C 61 	"Enla"		db	$45, $6E, $6C, $61
06EB : 72 67 65 64 	"rged"		db	$72, $67, $65, $64
06EF : 20 6D 65 6D 	" mem"		db	$20, $6D, $65, $6D
06F3 : 6F 72 79 74 	"oryt"		db	$6F, $72, $79, $74
06F7 : 65 73 74 20 	"est "		db	$65, $73, $74, $20
06FB : 4C 45 44 20 	"LED "		db	$4C, $45, $44, $20
06FF : 62 79 20 6F 	"by o"		db	$62, $79, $20, $6F
0703 : 6B 61 65 67 	"kaeg"		db	$6B, $61, $65, $67
0707 : 69 40 66 72 	"i@fr"		db	$69, $40, $66, $72
070B : 65 65 73 75 	"eesu"		db	$65, $65, $73, $75
070F : 72 66 2E 63 	"rf.c"		db	$72, $66, $2E, $63
0713 : 68 20 77 69 	"h wi"		db	$68, $20, $77, $69
0717 : 74 68 20 6C 	"th l"		db	$74, $68, $20, $6C
071B : 65 6F 6E 73 	"eons"		db	$65, $6F, $6E, $73
071F : 20 70 65 72 	" per"		db	$20, $70, $65, $72
0723 : 6D 69 73 73 	"miss"		db	$6D, $69, $73, $73
0727 : 69 6F 6E 20 	"ion "		db	$69, $6F, $6E, $20
072B : 31 30 31 31 	"1011"		db	$31, $30, $31, $31
072F : 32 30 30 33 	"2003"		db	$32, $30, $30, $33
0733 : 00 00 00 00 	"    "		db	$00, $00, $00, $00
0737 : 00 00 00 00 	"    "		db	$00, $00, $00, $00
073B : 00 00 00 00 	"    "		db	$00, $00, $00, $00
073F : 00 86 38 B7 	"  8 "		db	$00, $86, $38, $B7
0743 : 28 01 C6 FF 	"(   "		db	$28, $01, $C6, $FF
0747 : F7 28 00 8A 	" (  "		db	$F7, $28, $00, $8A
074B : 04 B7 28 01 	"  ( "		db	$04, $B7, $28, $01
074F : 86 30 B7 28 	" 0 ("		db	$86, $30, $B7, $28
0753 : 00 CE 00 00 	"    "		db	$00, $CE, $00, $00
0757 : 09 26 FD 86 	" &  "		db	$09, $26, $FD, $86
075B : 00 B7 28 00 	"  ( "		db	$00, $B7, $28, $00
075F : 09 26 FD C6 	" &  "		db	$09, $26, $FD, $C6
0763 : 11 7E 7C EE 	" ~| "		db	$11, $7E, $7C, $EE
0767 : 00 00 00 00 	"    "		db	$00, $00, $00, $00
076B : 00 00 00 00 	"    "		db	$00, $00, $00, $00
076F : 00 00 00 00 	"    "		db	$00, $00, $00, $00
0773 : 00 00 00 00 	"    "		db	$00, $00, $00, $00
0777 : 00 00 00 00 	"    "		db	$00, $00, $00, $00
077B : 00 00 00 00 	"    "		db	$00, $00, $00, $00
077F : 00 00 00 00 	"    "		db	$00, $00, $00, $00
0783 : 00 00 00 00 	"    "		db	$00, $00, $00, $00
0787 : 00 00 00 00 	"    "		db	$00, $00, $00, $00
078B : 00 00 00 00 	"    "		db	$00, $00, $00, $00
078F : 00 00 00 00 	"    "		db	$00, $00, $00, $00
0793 : 00 00 00 00 	"    "		db	$00, $00, $00, $00
0797 : 00 00 00 00 	"    "		db	$00, $00, $00, $00
079B : 00 00 00 00 	"    "		db	$00, $00, $00, $00
079F : 00 00 00 00 	"    "		db	$00, $00, $00, $00
07A3 : 00 00 00 00 	"    "		db	$00, $00, $00, $00
07A7 : 00 00 00 00 	"    "		db	$00, $00, $00, $00
07AB : 00 00 00 00 	"    "		db	$00, $00, $00, $00
07AF : 00 00 00 00 	"    "		db	$00, $00, $00, $00
07B3 : 00 00 00 00 	"    "		db	$00, $00, $00, $00
07B7 : 00 00 00 00 	"    "		db	$00, $00, $00, $00
07BB : 00 00 00 00 	"    "		db	$00, $00, $00, $00
07BF : 00 86 38 B7 	"  8 "		db	$00, $86, $38, $B7
07C3 : 28 01 C6 FF 	"(   "		db	$28, $01, $C6, $FF
07C7 : F7 28 00 8A 	" (  "		db	$F7, $28, $00, $8A
07CB : 04 B7 28 01 	"  ( "		db	$04, $B7, $28, $01
07CF : C6 11 7E 79 	"  ~y"		db	$C6, $11, $7E, $79
07D3 : 89 7E 7C 40 	" ~|@"		db	$89, $7E, $7C, $40
07D7 : 00 00 00 00 	"    "		db	$00, $00, $00, $00
07DB : 00 00 00 00 	"    "		db	$00, $00, $00, $00
07DF : 00 00 00 00 	"    "		db	$00, $00, $00, $00
07E3 : 00 00 00 00 	"    "		db	$00, $00, $00, $00
07E7 : 00 00 00 00 	"    "		db	$00, $00, $00, $00
07EB : 00 00 00 00 	"    "		db	$00, $00, $00, $00
07EF : 00 00 00 00 	"    "		db	$00, $00, $00, $00
07F3 : 00 00 00 00 	"    "		db	$00, $00, $00, $00
07F7 : 00 7F D4 7F 	"    "		db	$00, $7F, $D4, $7F
07FB : D4 7F D4 78 	"   x"		db	$D4, $7F, $D4, $78
07FF : 00 		" "		db	$00

;--------------------------------------------------------------
Symbol table
============

Value	Type	Name
-----	----	----
0042	 04	L0042
0044	 04	L0044
004C	 04	L004C
0054	 04	L0054
0096	 04	L0096
0098	 04	L0098
00A0	 04	L00A0
00A8	 04	L00A8
00EA	 04	L00EA
00EC	 04	L00EC
00F4	 04	L00F4
00FC	 04	L00FC
2100	 04	X2100
2101	 04	X2101
2102	 04	X2102
2103	 04	X2103
2200	 04	X2200
2201	 04	X2201
2202	 04	X2202
2203	 04	X2203
2400	 04	X2400
2401	 04	X2401
2402	 04	X2402
2403	 04	X2403
2800	 04	X2800
2801	 04	X2801
2802	 04	X2802
2803	 04	X2803
3000	 04	X3000
3001	 04	X3001
3002	 04	X3002
3003	 04	X3003
7800	 04	L7800

Number of symbols:			33

;--------------------------------------------------------------